0 info it worked if it ends with ok
1 verbose cli [ 'C:\\Program Files\\nodejs\\node.exe',
1 verbose cli   'C:\\Program Files\\nodejs\\node_modules\\npm\\bin\\npm-cli.js',
1 verbose cli   'install' ]
2 info using npm@2.14.12
3 info using node@v4.2.6
4 verbose readDependencies loading dependencies from D:\Denwer\home\localhost\www\firanteWorkrep\angular2-calendar\package.json
5 warn package.json angular2-calendar@1.0.0 No description
6 warn package.json angular2-calendar@1.0.0 No repository field.
7 warn package.json angular2-calendar@1.0.0 No README data
8 verbose install where, deps [ 'D:\\Denwer\\home\\localhost\\www\\firanteWorkrep\\angular2-calendar',
8 verbose install   [ 'angular2',
8 verbose install     'systemjs',
8 verbose install     'es6-promise',
8 verbose install     'es6-shim',
8 verbose install     'reflect-metadata',
8 verbose install     'rxjs',
8 verbose install     'zone.js',
8 verbose install     'concurrently',
8 verbose install     'typescript',
8 verbose install     'typings' ] ]
9 verbose install where, peers [ 'D:\\Denwer\\home\\localhost\\www\\firanteWorkrep\\angular2-calendar',
9 verbose install   [] ]
10 verbose installManyTop reading for lifecycle D:\Denwer\home\localhost\www\firanteWorkrep\angular2-calendar\package.json
11 info preinstall angular2-calendar@1.0.0
12 verbose installManyTop reading scoped package data from D:\Denwer\home\localhost\www\firanteWorkrep\angular2-calendar\node_modules\angular2\package.json
13 verbose installManyTop reading scoped package data from D:\Denwer\home\localhost\www\firanteWorkrep\angular2-calendar\node_modules\atom-space-pen-views\package.json
14 verbose installManyTop reading scoped package data from D:\Denwer\home\localhost\www\firanteWorkrep\angular2-calendar\node_modules\concurrently\package.json
15 verbose installManyTop reading scoped package data from D:\Denwer\home\localhost\www\firanteWorkrep\angular2-calendar\node_modules\es6-promise\package.json
16 verbose installManyTop reading scoped package data from D:\Denwer\home\localhost\www\firanteWorkrep\angular2-calendar\node_modules\es6-shim\package.json
17 verbose installManyTop reading scoped package data from D:\Denwer\home\localhost\www\firanteWorkrep\angular2-calendar\node_modules\fuzzaldrin\package.json
18 verbose installManyTop reading scoped package data from D:\Denwer\home\localhost\www\firanteWorkrep\angular2-calendar\node_modules\reflect-metadata\package.json
19 verbose installManyTop reading scoped package data from D:\Denwer\home\localhost\www\firanteWorkrep\angular2-calendar\node_modules\rxjs\package.json
20 verbose installManyTop reading scoped package data from D:\Denwer\home\localhost\www\firanteWorkrep\angular2-calendar\node_modules\space-pen\package.json
21 verbose installManyTop reading scoped package data from D:\Denwer\home\localhost\www\firanteWorkrep\angular2-calendar\node_modules\systemjs\package.json
22 verbose installManyTop reading scoped package data from D:\Denwer\home\localhost\www\firanteWorkrep\angular2-calendar\node_modules\typescript\package.json
23 verbose installManyTop reading scoped package data from D:\Denwer\home\localhost\www\firanteWorkrep\angular2-calendar\node_modules\typings\package.json
24 verbose installManyTop reading scoped package data from D:\Denwer\home\localhost\www\firanteWorkrep\angular2-calendar\node_modules\zone.js\package.json
25 info package.json atom-space-pen-views@2.2.0 No license field.
26 info package.json fuzzaldrin@2.1.0 No license field.
27 info package.json space-pen@5.1.2 No license field.
28 verbose readDependencies loading dependencies from D:\Denwer\home\localhost\www\firanteWorkrep\angular2-calendar\package.json
29 verbose targetResolver reading package data from D:\Denwer\home\localhost\www\firanteWorkrep\angular2-calendar\node_modules\angular2\package.json
30 verbose targetResolver reading package data from D:\Denwer\home\localhost\www\firanteWorkrep\angular2-calendar\node_modules\atom-space-pen-views\package.json
31 verbose targetResolver reading package data from D:\Denwer\home\localhost\www\firanteWorkrep\angular2-calendar\node_modules\concurrently\package.json
32 verbose targetResolver reading package data from D:\Denwer\home\localhost\www\firanteWorkrep\angular2-calendar\node_modules\es6-promise\package.json
33 verbose targetResolver reading package data from D:\Denwer\home\localhost\www\firanteWorkrep\angular2-calendar\node_modules\es6-shim\package.json
34 verbose targetResolver reading package data from D:\Denwer\home\localhost\www\firanteWorkrep\angular2-calendar\node_modules\fuzzaldrin\package.json
35 verbose targetResolver reading package data from D:\Denwer\home\localhost\www\firanteWorkrep\angular2-calendar\node_modules\reflect-metadata\package.json
36 verbose targetResolver reading package data from D:\Denwer\home\localhost\www\firanteWorkrep\angular2-calendar\node_modules\rxjs\package.json
37 verbose targetResolver reading package data from D:\Denwer\home\localhost\www\firanteWorkrep\angular2-calendar\node_modules\space-pen\package.json
38 verbose targetResolver reading package data from D:\Denwer\home\localhost\www\firanteWorkrep\angular2-calendar\node_modules\systemjs\package.json
39 verbose targetResolver reading package data from D:\Denwer\home\localhost\www\firanteWorkrep\angular2-calendar\node_modules\typescript\package.json
40 verbose targetResolver reading package data from D:\Denwer\home\localhost\www\firanteWorkrep\angular2-calendar\node_modules\typings\package.json
41 verbose targetResolver reading package data from D:\Denwer\home\localhost\www\firanteWorkrep\angular2-calendar\node_modules\zone.js\package.json
42 verbose targetResolver reading package data from D:\Denwer\home\localhost\www\firanteWorkrep\angular2-calendar\node_modules\.bin\concurrent\package.json
43 verbose targetResolver reading package data from D:\Denwer\home\localhost\www\firanteWorkrep\angular2-calendar\node_modules\.bin\concurrent.cmd\package.json
44 verbose targetResolver reading package data from D:\Denwer\home\localhost\www\firanteWorkrep\angular2-calendar\node_modules\.bin\tsc\package.json
45 verbose targetResolver reading package data from D:\Denwer\home\localhost\www\firanteWorkrep\angular2-calendar\node_modules\.bin\tsc.cmd\package.json
46 verbose targetResolver reading package data from D:\Denwer\home\localhost\www\firanteWorkrep\angular2-calendar\node_modules\.bin\tsserver\package.json
47 verbose targetResolver reading package data from D:\Denwer\home\localhost\www\firanteWorkrep\angular2-calendar\node_modules\.bin\tsserver.cmd\package.json
48 verbose targetResolver reading package data from D:\Denwer\home\localhost\www\firanteWorkrep\angular2-calendar\node_modules\.bin\typings\package.json
49 verbose targetResolver reading package data from D:\Denwer\home\localhost\www\firanteWorkrep\angular2-calendar\node_modules\.bin\typings.cmd\package.json
50 verbose already installed skipping es6-shim@^0.33.3 D:\Denwer\home\localhost\www\firanteWorkrep\angular2-calendar
51 verbose already installed skipping reflect-metadata@0.1.2 D:\Denwer\home\localhost\www\firanteWorkrep\angular2-calendar
52 silly cache add args [ 'rxjs@*', null ]
53 verbose cache add spec rxjs@*
54 silly cache add parsed spec Result {
54 silly cache add   raw: 'rxjs@*',
54 silly cache add   scope: null,
54 silly cache add   name: 'rxjs',
54 silly cache add   rawSpec: '*',
54 silly cache add   spec: '*',
54 silly cache add   type: 'range' }
55 silly addNamed rxjs@*
56 verbose addNamed "*" is a valid semver range for rxjs
57 silly addNameRange { name: 'rxjs', range: '*', hasData: false }
58 silly mapToRegistry name rxjs
59 silly mapToRegistry using default registry
60 silly mapToRegistry registry http://registry.npmjs.org/
61 silly mapToRegistry uri http://registry.npmjs.org/rxjs
62 verbose addNameRange registry:http://registry.npmjs.org/rxjs not in flight; fetching
63 verbose already installed skipping zone.js@0.5.14 D:\Denwer\home\localhost\www\firanteWorkrep\angular2-calendar
64 verbose already installed skipping concurrently@^1.0.0 D:\Denwer\home\localhost\www\firanteWorkrep\angular2-calendar
65 verbose already installed skipping typescript@^1.7.5 D:\Denwer\home\localhost\www\firanteWorkrep\angular2-calendar
66 verbose already installed skipping typings@^0.6.8 D:\Denwer\home\localhost\www\firanteWorkrep\angular2-calendar
67 verbose already installed skipping angular2@2.0.0-beta.6 D:\Denwer\home\localhost\www\firanteWorkrep\angular2-calendar
68 verbose already installed skipping systemjs@0.19.20 D:\Denwer\home\localhost\www\firanteWorkrep\angular2-calendar
69 verbose already installed skipping es6-promise@^3.0.2 D:\Denwer\home\localhost\www\firanteWorkrep\angular2-calendar
70 verbose request uri http://registry.npmjs.org/rxjs
71 verbose request no auth needed
72 info attempt registry request try #1 at 17:18:50
73 verbose request id d616b3133129ca80
74 verbose etag "A5XEBGVRHVR0BRN8OSE7BRG4S"
75 http request GET http://registry.npmjs.org/rxjs
76 http 304 http://registry.npmjs.org/rxjs
77 verbose headers { age: '246',
77 verbose headers   via: '1.1 varnish, 1.1 172.30.4.228 (McAfee Web Gateway 7.5.2.5.0.20828)',
77 verbose headers   date: 'Fri, 04 Mar 2016 15:18:54 GMT',
77 verbose headers   etag: '"A5XEBGVRHVR0BRN8OSE7BRG4S"',
77 verbose headers   vary: 'Accept',
77 verbose headers   'x-cache': 'HIT',
77 verbose headers   'x-timer': 'S1457104734.609266,VS0,VE0',
77 verbose headers   'x-served-by': 'cache-fra1238-FRA',
77 verbose headers   'x-cache-hits': '2',
77 verbose headers   'cache-control': 'max-age=300',
77 verbose headers   'proxy-connection': 'Keep-Alive' }
78 silly get cb [ 304,
78 silly get   { age: '246',
78 silly get     via: '1.1 varnish, 1.1 172.30.4.228 (McAfee Web Gateway 7.5.2.5.0.20828)',
78 silly get     date: 'Fri, 04 Mar 2016 15:18:54 GMT',
78 silly get     etag: '"A5XEBGVRHVR0BRN8OSE7BRG4S"',
78 silly get     vary: 'Accept',
78 silly get     'x-cache': 'HIT',
78 silly get     'x-timer': 'S1457104734.609266,VS0,VE0',
78 silly get     'x-served-by': 'cache-fra1238-FRA',
78 silly get     'x-cache-hits': '2',
78 silly get     'cache-control': 'max-age=300',
78 silly get     'proxy-connection': 'Keep-Alive' } ]
79 verbose etag http://registry.npmjs.org/rxjs from cache
80 verbose get saving rxjs to C:\Users\mifedorovych\AppData\Roaming\npm-cache\registry.npmjs.org\rxjs\.cache.json
81 silly addNameRange number 2 { name: 'rxjs', range: '*', hasData: true }
82 silly addNameRange versions [ 'rxjs',
82 silly addNameRange   [ '5.0.0-alpha.10',
82 silly addNameRange     '5.0.0-alpha.11',
82 silly addNameRange     '5.0.0-alpha.12',
82 silly addNameRange     '5.0.0-alpha.13',
82 silly addNameRange     '5.0.0-alpha.14',
82 silly addNameRange     '5.0.0-beta.0',
82 silly addNameRange     '5.0.0-beta.1',
82 silly addNameRange     '5.0.0-beta.2' ] ]
83 info addNameTag [ 'rxjs', 'latest' ]
84 silly mapToRegistry name rxjs
85 silly mapToRegistry using default registry
86 silly mapToRegistry registry http://registry.npmjs.org/
87 silly mapToRegistry uri http://registry.npmjs.org/rxjs
88 verbose addNameTag registry:http://registry.npmjs.org/rxjs already in flight; waiting
89 silly addNameTag next cb for rxjs with tag latest
90 silly addNamed rxjs@5.0.0-beta.2
91 verbose addNamed "5.0.0-beta.2" is a plain semver version for rxjs
92 silly cache afterAdd rxjs@5.0.0-beta.2
93 verbose afterAdd C:\Users\mifedorovych\AppData\Roaming\npm-cache\rxjs\5.0.0-beta.2\package\package.json not in flight; writing
94 verbose afterAdd C:\Users\mifedorovych\AppData\Roaming\npm-cache\rxjs\5.0.0-beta.2\package\package.json written
95 info already installed rxjs@5.0.0-beta.2
96 silly install resolved []
97 info build D:\Denwer\home\localhost\www\firanteWorkrep\angular2-calendar
98 info linkStuff angular2-calendar@1.0.0
99 silly linkStuff angular2-calendar@1.0.0 has D:\Denwer\home\localhost\www\firanteWorkrep as its parent node_modules
100 verbose linkBins angular2-calendar@1.0.0
101 verbose linkMans angular2-calendar@1.0.0
102 verbose rebuildBundles angular2-calendar@1.0.0
103 verbose rebuildBundles [ '.bin',
103 verbose rebuildBundles   'angular2',
103 verbose rebuildBundles   'atom-space-pen-views',
103 verbose rebuildBundles   'concurrently',
103 verbose rebuildBundles   'es6-promise',
103 verbose rebuildBundles   'es6-shim',
103 verbose rebuildBundles   'fuzzaldrin',
103 verbose rebuildBundles   'reflect-metadata',
103 verbose rebuildBundles   'rxjs',
103 verbose rebuildBundles   'space-pen',
103 verbose rebuildBundles   'systemjs',
103 verbose rebuildBundles   'typescript',
103 verbose rebuildBundles   'typings',
103 verbose rebuildBundles   'zone.js' ]
104 verbose rebuild bundle D:\Denwer\home\localhost\www\firanteWorkrep\angular2-calendar\node_modules\atom-space-pen-views
105 info build D:\Denwer\home\localhost\www\firanteWorkrep\angular2-calendar\node_modules\atom-space-pen-views
106 info preinstall atom-space-pen-views@2.2.0
107 info linkStuff atom-space-pen-views@2.2.0
108 silly linkStuff atom-space-pen-views@2.2.0 has D:\Denwer\home\localhost\www\firanteWorkrep\angular2-calendar\node_modules as its parent node_modules
109 verbose linkBins atom-space-pen-views@2.2.0
110 verbose linkMans atom-space-pen-views@2.2.0
111 verbose rebuildBundles atom-space-pen-views@2.2.0
112 info install atom-space-pen-views@2.2.0
113 info postinstall atom-space-pen-views@2.2.0
114 verbose rebuild bundle D:\Denwer\home\localhost\www\firanteWorkrep\angular2-calendar\node_modules\fuzzaldrin
115 info build D:\Denwer\home\localhost\www\firanteWorkrep\angular2-calendar\node_modules\fuzzaldrin
116 info preinstall fuzzaldrin@2.1.0
117 info linkStuff fuzzaldrin@2.1.0
118 silly linkStuff fuzzaldrin@2.1.0 has D:\Denwer\home\localhost\www\firanteWorkrep\angular2-calendar\node_modules as its parent node_modules
119 verbose linkBins fuzzaldrin@2.1.0
120 verbose linkMans fuzzaldrin@2.1.0
121 verbose rebuildBundles fuzzaldrin@2.1.0
122 info install fuzzaldrin@2.1.0
123 info postinstall fuzzaldrin@2.1.0
124 verbose rebuild bundle D:\Denwer\home\localhost\www\firanteWorkrep\angular2-calendar\node_modules\space-pen
125 info build D:\Denwer\home\localhost\www\firanteWorkrep\angular2-calendar\node_modules\space-pen
126 info preinstall space-pen@5.1.2
127 info linkStuff space-pen@5.1.2
128 silly linkStuff space-pen@5.1.2 has D:\Denwer\home\localhost\www\firanteWorkrep\angular2-calendar\node_modules as its parent node_modules
129 verbose linkBins space-pen@5.1.2
130 verbose linkMans space-pen@5.1.2
131 verbose rebuildBundles space-pen@5.1.2
132 verbose rebuildBundles [ 'grim', 'jquery', 'underscore-plus' ]
133 info install space-pen@5.1.2
134 info postinstall space-pen@5.1.2
135 info install angular2-calendar@1.0.0
136 info postinstall angular2-calendar@1.0.0
137 verbose unsafe-perm in lifecycle true
138 info angular2-calendar@1.0.0 Failed to exec postinstall script
139 verbose stack Error: angular2-calendar@1.0.0 postinstall: `npm run typings install`
139 verbose stack Exit status 1
139 verbose stack     at EventEmitter.<anonymous> (C:\Program Files\nodejs\node_modules\npm\lib\utils\lifecycle.js:214:16)
139 verbose stack     at emitTwo (events.js:87:13)
139 verbose stack     at EventEmitter.emit (events.js:172:7)
139 verbose stack     at ChildProcess.<anonymous> (C:\Program Files\nodejs\node_modules\npm\lib\utils\spawn.js:24:14)
139 verbose stack     at emitTwo (events.js:87:13)
139 verbose stack     at ChildProcess.emit (events.js:172:7)
139 verbose stack     at maybeClose (internal/child_process.js:821:16)
139 verbose stack     at Process.ChildProcess._handle.onexit (internal/child_process.js:211:5)
140 verbose pkgid angular2-calendar@1.0.0
141 verbose cwd D:\Denwer\home\localhost\www\firanteWorkrep\angular2-calendar
142 error Windows_NT 6.1.7601
143 error argv "C:\\Program Files\\nodejs\\node.exe" "C:\\Program Files\\nodejs\\node_modules\\npm\\bin\\npm-cli.js" "install"
144 error node v4.2.6
145 error npm  v2.14.12
146 error code ELIFECYCLE
147 error angular2-calendar@1.0.0 postinstall: `npm run typings install`
147 error Exit status 1
148 error Failed at the angular2-calendar@1.0.0 postinstall script 'npm run typings install'.
148 error This is most likely a problem with the angular2-calendar package,
148 error not with npm itself.
148 error Tell the author that this fails on your system:
148 error     npm run typings install
148 error You can get their info via:
148 error     npm owner ls angular2-calendar
148 error There is likely additional logging output above.
149 verbose exit [ 1, true ]
